<?xml version="1.0" encoding="UTF-8"?>
<testng-results skipped="0" failed="1" ignored="0" total="5" passed="4">
  <reporter-output>
  </reporter-output>
  <suite name="All Test Suite" duration-ms="54063" started-at="2019-11-09T15:47:35 CET" finished-at="2019-11-09T15:48:29 CET">
    <groups>
    </groups>
    <test name="Homepage test" duration-ms="26605" started-at="2019-11-09T15:47:35 CET" finished-at="2019-11-09T15:48:01 CET">
      <class name="HomePage">
        <test-method status="PASS" signature="initialize()[pri:0, instance:HomePage@16293aa2]" name="initialize" is-config="true" duration-ms="8571" started-at="2019-11-09T15:47:35 CET" finished-at="2019-11-09T15:47:43 CET">
          <reporter-output>
          </reporter-output>
        </test-method> <!-- initialize -->
        <test-method status="PASS" signature="basePageNavigation(java.lang.String, java.lang.String, java.lang.String)[pri:0, instance:HomePage@16293aa2]" name="basePageNavigation" duration-ms="10109" started-at="2019-11-09T15:47:43 CET" data-provider="getData" finished-at="2019-11-09T15:47:53 CET">
          <params>
            <param index="0">
              <value>
                <![CDATA[mis@las.pl]]>
              </value>
            </param>
            <param index="1">
              <value>
                <![CDATA[dupa123]]>
              </value>
            </param>
            <param index="2">
              <value>
                <![CDATA[restricted user]]>
              </value>
            </param>
          </params>
          <reporter-output>
          </reporter-output>
        </test-method> <!-- basePageNavigation -->
        <test-method status="PASS" signature="basePageNavigation(java.lang.String, java.lang.String, java.lang.String)[pri:0, instance:HomePage@16293aa2]" name="basePageNavigation" duration-ms="7676" started-at="2019-11-09T15:47:54 CET" data-provider="getData" finished-at="2019-11-09T15:48:01 CET">
          <params>
            <param index="0">
              <value>
                <![CDATA[staryniedziwdz@las.pl]]>
              </value>
            </param>
            <param index="1">
              <value>
                <![CDATA[458799]]>
              </value>
            </param>
            <param index="2">
              <value>
                <![CDATA[Non restricted user]]>
              </value>
            </param>
          </params>
          <reporter-output>
          </reporter-output>
        </test-method> <!-- basePageNavigation -->
        <test-method status="PASS" signature="tearDown()[pri:0, instance:HomePage@16293aa2]" name="tearDown" is-config="true" duration-ms="176" started-at="2019-11-09T15:48:01 CET" finished-at="2019-11-09T15:48:01 CET">
          <reporter-output>
          </reporter-output>
        </test-method> <!-- tearDown -->
      </class> <!-- HomePage -->
    </test> <!-- Homepage test -->
    <test name="Validate HomePage TExt" duration-ms="16431" started-at="2019-11-09T15:48:01 CET" finished-at="2019-11-09T15:48:18 CET">
      <class name="ValidateHomePageCenterText">
        <test-method status="PASS" signature="initialize()[pri:0, instance:ValidateHomePageCenterText@49139829]" name="initialize" is-config="true" duration-ms="10443" started-at="2019-11-09T15:48:01 CET" finished-at="2019-11-09T15:48:12 CET">
          <reporter-output>
          </reporter-output>
        </test-method> <!-- initialize -->
        <test-method status="FAIL" signature="validateCenterText()[pri:0, instance:ValidateHomePageCenterText@49139829]" name="validateCenterText" duration-ms="163" started-at="2019-11-09T15:48:12 CET" finished-at="2019-11-09T15:48:12 CET">
          <exception class="java.lang.AssertionError">
            <message>
              <![CDATA[expected [featured courses444] but found [featured courses]]]>
            </message>
            <full-stacktrace>
              <![CDATA[java.lang.AssertionError: expected [featured courses444] but found [featured courses]
at org.testng.Assert.fail(Assert.java:97)
at org.testng.Assert.assertEqualsImpl(Assert.java:136)
at org.testng.Assert.assertEquals(Assert.java:118)
at org.testng.Assert.assertEquals(Assert.java:575)
at org.testng.Assert.assertEquals(Assert.java:585)
at ValidateHomePageCenterText.validateCenterText(ValidateHomePageCenterText.java:33)
at sun.reflect.NativeMethodAccessorImpl.invoke0(Native Method)
at sun.reflect.NativeMethodAccessorImpl.invoke(NativeMethodAccessorImpl.java:62)
at sun.reflect.DelegatingMethodAccessorImpl.invoke(DelegatingMethodAccessorImpl.java:43)
at java.lang.reflect.Method.invoke(Method.java:498)
at org.testng.internal.MethodInvocationHelper.invokeMethod(MethodInvocationHelper.java:133)
at org.testng.internal.TestInvoker.invokeMethod(TestInvoker.java:584)
at org.testng.internal.TestInvoker.invokeTestMethod(TestInvoker.java:172)
at org.testng.internal.MethodRunner.runInSequence(MethodRunner.java:46)
at org.testng.internal.TestInvoker$MethodInvocationAgent.invoke(TestInvoker.java:804)
at org.testng.internal.TestInvoker.invokeTestMethods(TestInvoker.java:145)
at org.testng.internal.TestMethodWorker.invokeTestMethods(TestMethodWorker.java:146)
at org.testng.internal.TestMethodWorker.run(TestMethodWorker.java:128)
at java.util.ArrayList.forEach(ArrayList.java:1257)
at org.testng.TestRunner.privateRun(TestRunner.java:770)
at org.testng.TestRunner.run(TestRunner.java:591)
at org.testng.SuiteRunner.runTest(SuiteRunner.java:402)
at org.testng.SuiteRunner.runSequentially(SuiteRunner.java:396)
at org.testng.SuiteRunner.privateRun(SuiteRunner.java:355)
at org.testng.SuiteRunner.run(SuiteRunner.java:304)
at org.testng.SuiteRunnerWorker.runSuite(SuiteRunnerWorker.java:53)
at org.testng.SuiteRunnerWorker.run(SuiteRunnerWorker.java:96)
at org.testng.TestNG.runSuitesSequentially(TestNG.java:1180)
at org.testng.TestNG.runSuitesLocally(TestNG.java:1102)
at org.testng.TestNG.runSuites(TestNG.java:1032)
at org.testng.TestNG.run(TestNG.java:1000)
at org.testng.IDEARemoteTestNG.run(IDEARemoteTestNG.java:73)
at org.testng.RemoteTestNGStarter.main(RemoteTestNGStarter.java:123)
]]>
            </full-stacktrace>
          </exception> <!-- java.lang.AssertionError -->
          <reporter-output>
          </reporter-output>
        </test-method> <!-- validateCenterText -->
        <test-method status="PASS" signature="validateHeader()[pri:0, instance:ValidateHomePageCenterText@49139829]" name="validateHeader" duration-ms="83" started-at="2019-11-09T15:48:14 CET" finished-at="2019-11-09T15:48:14 CET">
          <reporter-output>
          </reporter-output>
        </test-method> <!-- validateHeader -->
        <test-method status="PASS" signature="tearDown()[pri:0, instance:ValidateHomePageCenterText@49139829]" name="tearDown" is-config="true" duration-ms="4146" started-at="2019-11-09T15:48:14 CET" finished-at="2019-11-09T15:48:18 CET">
          <reporter-output>
          </reporter-output>
        </test-method> <!-- tearDown -->
      </class> <!-- ValidateHomePageCenterText -->
    </test> <!-- Validate HomePage TExt -->
    <test name="Validate NavBar Test" duration-ms="10926" started-at="2019-11-09T15:48:18 CET" finished-at="2019-11-09T15:48:29 CET">
      <class name="ValidateNavigationBar">
        <test-method status="PASS" signature="initialize()[pri:0, instance:ValidateNavigationBar@67c27493]" name="initialize" is-config="true" duration-ms="10504" started-at="2019-11-09T15:48:18 CET" finished-at="2019-11-09T15:48:28 CET">
          <reporter-output>
          </reporter-output>
        </test-method> <!-- initialize -->
        <test-method status="PASS" signature="validateNavBar()[pri:0, instance:ValidateNavigationBar@67c27493]" name="validateNavBar" duration-ms="255" started-at="2019-11-09T15:48:28 CET" finished-at="2019-11-09T15:48:29 CET">
          <reporter-output>
          </reporter-output>
        </test-method> <!-- validateNavBar -->
        <test-method status="PASS" signature="tearDown()[pri:0, instance:ValidateNavigationBar@67c27493]" name="tearDown" is-config="true" duration-ms="165" started-at="2019-11-09T15:48:29 CET" finished-at="2019-11-09T15:48:29 CET">
          <reporter-output>
          </reporter-output>
        </test-method> <!-- tearDown -->
      </class> <!-- ValidateNavigationBar -->
    </test> <!-- Validate NavBar Test -->
  </suite> <!-- All Test Suite -->
</testng-results>
